
The following have been reloaded with a version change:
  1) gcc/6.3.0 => gcc/10.1.0


The following have been reloaded with a version change:
  1) gcc/10.1.0 => gcc/9.1.0

Loading required package: sp

Attaching package: ‘dplyr’

The following objects are masked from ‘package:raster’:

    intersect, select, union

The following objects are masked from ‘package:stats’:

    filter, lag

The following objects are masked from ‘package:base’:

    intersect, setdiff, setequal, union

Linking to GEOS 3.6.2, GDAL 3.4.1, PROJ 8.2.1; sf_use_s2() is TRUE
Loading required package: Matrix

Attaching package: ‘lubridate’

The following objects are masked from ‘package:raster’:

    intersect, union

The following objects are masked from ‘package:base’:

    date, intersect, setdiff, union

There were 50 or more warnings (use warnings() to see the first 50)
