[1] "/oak/stanford/groups/omramom/group_members/aminaly/biodiversity_cmip6"
Reading layer `WB_countries_Admin0_10m' from data source 
  `/oak/stanford/groups/omramom/group_members/aminaly/biodiversity_cmip6/raw_data/WB_countries_Admin0_10m/WB_countries_Admin0_10m.shp' 
  using driver `ESRI Shapefile'
Simple feature collection with 251 features and 52 fields
Geometry type: MULTIPOLYGON
Dimension:     XY
Bounding box:  xmin: -180 ymin: -59.47275 xmax: 180 ymax: 83.6341
Geodetic CRS:  WGS 84
Reading layer `KBAsGlobal_2022_September_02_POL_noOverlaps' from data source 
  `/oak/stanford/groups/omramom/group_members/aminaly/biodiversity_cmip6/processed_data/kba/KBAsGlobal_2022_September_02_POL_noOverlaps.shp' 
  using driver `ESRI Shapefile'
Simple feature collection with 24002 features and 27 fields
Geometry type: MULTIPOLYGON
Dimension:     XY
Bounding box:  xmin: -180 ymin: -79.21161 xmax: 180 ymax: 81.36814
Geodetic CRS:  WGS 84
Reading layer `clean_wdpa_terrestrial' from data source 
  `/oak/stanford/groups/omramom/group_members/aminaly/biodiversity_cmip6/processed_data/wdpa/clean_wdpa_terrestrial.shp' 
  using driver `ESRI Shapefile'
Simple feature collection with 255242 features and 30 fields
Geometry type: MULTIPOLYGON
Dimension:     XY
Bounding box:  xmin: -179.995 ymin: -67.80166 xmax: 179.7751 ymax: 83.73
Geodetic CRS:  WGS 84
